\BOOKMARK [1][-]{section.1}{\376\377\000I\000n\000t\000r\000o\000d\000u\000c\000t\000i\000o\000n}{}% 1
\BOOKMARK [2][-]{subsection.1.1}{\376\377\000D\000e\000f\000i\000n\000i\000t\000i\000o\000n}{section.1}% 2
\BOOKMARK [2][-]{subsection.1.2}{\376\377\000O\000v\000e\000r\000v\000i\000e\000w}{section.1}% 3
\BOOKMARK [2][-]{subsection.1.3}{\376\377\000C\000o\000m\000p\000o\000n\000e\000n\000t\000s}{section.1}% 4
\BOOKMARK [3][-]{subsubsection.1.3.1}{\376\377\000C\000o\000n\000t\000r\000o\000l\000\040\000S\000e\000l\000e\000c\000t\000i\000o\000n}{subsection.1.3}% 5
\BOOKMARK [3][-]{subsubsection.1.3.2}{\376\377\000O\000p\000e\000r\000a\000n\000d\000s}{subsection.1.3}% 6
\BOOKMARK [3][-]{subsubsection.1.3.3}{\376\377\000A\000r\000i\000t\000h\000m\000e\000t\000i\000c\000\040\000U\000n\000i\000t}{subsection.1.3}% 7
\BOOKMARK [3][-]{subsubsection.1.3.4}{\376\377\000L\000o\000g\000i\000c\000\040\000U\000n\000i\000t}{subsection.1.3}% 8
\BOOKMARK [3][-]{subsubsection.1.3.5}{\376\377\000O\000u\000t\000p\000u\000t}{subsection.1.3}% 9
\BOOKMARK [3][-]{subsubsection.1.3.6}{\376\377\000F\000l\000a\000g\000s\000\040\000R\000e\000g\000i\000s\000t\000e\000r}{subsection.1.3}% 10
\BOOKMARK [2][-]{subsection.1.4}{\376\377\000D\000e\000s\000i\000g\000n\000\040\000S\000t\000r\000a\000t\000e\000g\000i\000e\000s}{section.1}% 11
\BOOKMARK [3][-]{subsubsection.1.4.1}{\376\377\000D\000i\000s\000j\000o\000i\000n\000t\000\040\000I\000m\000p\000l\000e\000m\000e\000n\000t\000a\000t\000i\000o\000n}{subsection.1.4}% 12
\BOOKMARK [3][-]{subsubsection.1.4.2}{\376\377\000U\000n\000i\000f\000i\000e\000d\000\040\000I\000m\000p\000l\000e\000m\000e\000n\000t\000a\000t\000i\000o\000n}{subsection.1.4}% 13
\BOOKMARK [1][-]{section.2}{\376\377\000P\000r\000o\000b\000l\000e\000m\000\040\000S\000p\000e\000c\000i\000f\000i\000c\000a\000t\000i\000o\000n\000\040\000w\000i\000t\000h\000\040\000A\000s\000s\000i\000g\000n\000e\000d\000\040\000I\000n\000s\000t\000r\000u\000c\000t\000i\000o\000n\000s}{}% 14
\BOOKMARK [1][-]{section.3}{\376\377\000D\000e\000t\000a\000i\000l\000e\000d\000\040\000d\000e\000s\000i\000g\000n\000\040\000s\000t\000e\000p\000s\000\040\000w\000i\000t\000h\000\040\000K\000-\000M\000a\000p\000s}{}% 15
\BOOKMARK [2][-]{subsection.3.1}{\376\377\000D\000e\000s\000i\000g\000n\000\040\000S\000t\000e\000p\000s}{section.3}% 16
\BOOKMARK [2][-]{subsection.3.2}{\376\377\000K\000-\000m\000a\000p\000s}{section.3}% 17
\BOOKMARK [3][-]{subsubsection.3.2.1}{\376\377\000K\000-\000m\000a\000p\000\040\000f\000o\000r\000\040\000S\000x\0001}{subsection.3.2}% 18
\BOOKMARK [3][-]{subsubsection.3.2.2}{\376\377\000K\000-\000m\000a\000p\000\040\000f\000o\000r\000\040\000S\000x\0000}{subsection.3.2}% 19
\BOOKMARK [3][-]{subsubsection.3.2.3}{\376\377\000K\000-\000m\000a\000p\000\040\000f\000o\000r\000\040\000S\000y\0000}{subsection.3.2}% 20
\BOOKMARK [3][-]{subsubsection.3.2.4}{\376\377\000K\000-\000m\000a\000p\000\040\000f\000o\000r\000\040\000C\000i\000n}{subsection.3.2}% 21
\BOOKMARK [1][-]{section.4}{\376\377\000T\000r\000u\000t\000h\000\040\000T\000a\000b\000l\000e}{}% 22
\BOOKMARK [1][-]{section.5}{\376\377\000B\000l\000o\000c\000k\000\040\000D\000i\000a\000g\000r\000a\000m}{}% 23
\BOOKMARK [1][-]{section.6}{\376\377\000C\000o\000m\000p\000l\000e\000t\000e\000\040\000C\000i\000r\000c\000u\000i\000t\000\040\000D\000i\000a\000g\000r\000a\000m}{}% 24
\BOOKMARK [1][-]{section.7}{\376\377\000I\000C\000s\000\040\000U\000s\000e\000d\000\040\000w\000i\000t\000h\000\040\000C\000o\000u\000n\000t\000\040\000a\000s\000\040\000a\000\040\000C\000h\000a\000r\000t}{}% 25
\BOOKMARK [1][-]{section.8}{\376\377\000T\000h\000e\000\040\000S\000i\000m\000u\000l\000a\000t\000o\000r\000\040\000U\000s\000e\000d\000\040\000a\000l\000o\000n\000g\000\040\000w\000i\000t\000h\000\040\000t\000h\000e\000\040\000V\000e\000r\000s\000i\000o\000n\000\040\000N\000u\000m\000b\000e\000r}{}% 26
\BOOKMARK [1][-]{section.9}{\376\377\000D\000i\000s\000c\000u\000s\000s\000i\000o\000n}{}% 27
\BOOKMARK [1][-]{section.10}{\376\377\000C\000o\000n\000t\000r\000i\000b\000u\000t\000i\000o\000n\000\040\000o\000f\000\040\000E\000a\000c\000h\000\040\000M\000e\000m\000b\000e\000r}{}% 28
\BOOKMARK [2][-]{subsection.10.1}{\376\377\000L\000o\000g\000i\000c\000\040\000D\000e\000s\000i\000g\000n\000\040\000a\000n\000d\000\040\000S\000i\000m\000p\000l\000i\000f\000i\000c\000a\000t\000i\000o\000n\000\040\000o\000f\000\040\000E\000x\000p\000r\000e\000s\000s\000i\000o\000n\000s}{section.10}% 29
\BOOKMARK [2][-]{subsection.10.2}{\376\377\000I\000C\000\040\000C\000o\000u\000n\000t\000\040\000O\000p\000t\000i\000m\000i\000z\000a\000t\000i\000o\000n}{section.10}% 30
\BOOKMARK [2][-]{subsection.10.3}{\376\377\000L\000o\000g\000i\000s\000i\000m\000\040\000S\000i\000m\000u\000l\000a\000t\000i\000o\000n}{section.10}% 31
\BOOKMARK [2][-]{subsection.10.4}{\376\377\000H\000a\000r\000d\000w\000a\000r\000e\000\040\000I\000m\000p\000l\000e\000m\000e\000n\000t\000a\000t\000i\000o\000n}{section.10}% 32
\BOOKMARK [2][-]{subsection.10.5}{\376\377\000V\000e\000r\000i\000f\000i\000c\000a\000t\000i\000o\000n\000\040\000a\000n\000d\000\040\000T\000e\000s\000t\000i\000n\000g}{section.10}% 33
\BOOKMARK [2][-]{subsection.10.6}{\376\377\000R\000e\000p\000o\000r\000t\000\040\000P\000r\000e\000p\000a\000r\000a\000t\000i\000o\000n}{section.10}% 34
