\BOOKMARK [1][-]{section.1}{\376\377\000I\000n\000t\000r\000o\000d\000u\000c\000t\000i\000o\000n}{}% 1
\BOOKMARK [2][-]{subsection.1.1}{\376\377\000F\000l\000o\000a\000t\000i\000n\000g\000\040\000P\000o\000i\000n\000t\000\040\000R\000e\000p\000r\000e\000s\000e\000n\000t\000a\000t\000i\000o\000n}{section.1}% 2
\BOOKMARK [2][-]{subsection.1.2}{\376\377\000R\000a\000n\000g\000e\000\040}{section.1}% 3
\BOOKMARK [2][-]{subsection.1.3}{\376\377\000E\000E\000E\000\040\0007\0005\0004\000\040\000e\000n\000c\000o\000d\000i\000n\000g\000\040\000o\000f\000\040\000f\000l\000o\000a\000t\000i\000n\000g\000\040\000p\000o\000i\000n\000t\000\040\000n\000u\000m\000b\000e\000r\000s}{section.1}% 4
\BOOKMARK [2][-]{subsection.1.4}{\376\377\000D\000e\000n\000o\000r\000m\000a\000l\000i\000z\000e\000d\000\040\000N\000u\000m\000b\000e\000r}{section.1}% 5
\BOOKMARK [2][-]{subsection.1.5}{\376\377\000F\000l\000o\000a\000t\000i\000n\000g\000\040\000P\000o\000i\000n\000t\000\040\000N\000u\000m\000b\000e\000r\000\040\000A\000d\000d\000i\000t\000i\000o\000n}{section.1}% 6
\BOOKMARK [1][-]{section.2}{\376\377\000P\000r\000o\000b\000l\000e\000m\000\040\000S\000p\000e\000c\000i\000f\000i\000c\000a\000t\000i\000o\000n}{}% 7
\BOOKMARK [1][-]{section.3}{\376\377\000F\000l\000o\000w\000c\000h\000a\000r\000t\000\040\000o\000f\000\040\000t\000h\000e\000\040\000a\000d\000d\000i\000t\000i\000o\000n\000/\000s\000u\000b\000t\000r\000a\000c\000t\000i\000o\000n\000\040\000a\000l\000g\000o\000r\000i\000t\000h\000m}{}% 8
\BOOKMARK [1][-]{section.4}{\376\377\000H\000i\000g\000h\000-\000l\000e\000v\000e\000l\000\040\000b\000l\000o\000c\000k\000\040\000d\000i\000a\000g\000r\000a\000m\000\040\000o\000f\000\040\000t\000h\000e\000\040\000a\000r\000c\000h\000i\000t\000e\000c\000t\000u\000r\000e}{}% 9
\BOOKMARK [1][-]{section.5}{\376\377\000D\000e\000t\000a\000i\000l\000e\000d\000\040\000C\000i\000r\000c\000u\000i\000t\000\040\000D\000i\000a\000g\000r\000a\000m\000\040\000o\000f\000\040\000t\000h\000e\000\040\000I\000m\000p\000o\000r\000t\000a\000n\000t\000\040\000B\000l\000o\000c\000k\000s}{}% 10
\BOOKMARK [2][-]{subsection.5.1}{\376\377\000M\000u\000l\000t\000i\000p\000l\000e\000x\000e\000r\000\040\000C\000i\000r\000c\000u\000i\000t\000s}{section.5}% 11
\BOOKMARK [2][-]{subsection.5.2}{\376\377\000C\000o\000m\000p\000a\000r\000a\000t\000o\000r\000\040\000C\000i\000r\000c\000u\000i\000t\000s}{section.5}% 12
\BOOKMARK [2][-]{subsection.5.3}{\376\377\000A\000d\000d\000e\000r\000-\000S\000u\000b\000t\000r\000a\000c\000t\000o\000r\000\040\000C\000i\000r\000c\000u\000i\000t}{section.5}% 13
\BOOKMARK [2][-]{subsection.5.4}{\376\377\000E\000n\000c\000o\000d\000e\000r\000\040\000C\000i\000r\000c\000u\000i\000t\000s}{section.5}% 14
\BOOKMARK [2][-]{subsection.5.5}{\376\377\000N\000o\000r\000m\000a\000l\000i\000z\000e\000r\000\040\000C\000i\000r\000c\000u\000i\000t}{section.5}% 15
\BOOKMARK [2][-]{subsection.5.6}{\376\377\000R\000o\000u\000n\000d\000e\000r\000\040\000C\000i\000r\000c\000u\000i\000t}{section.5}% 16
\BOOKMARK [2][-]{subsection.5.7}{\376\377\000I\000n\000p\000u\000t\000\040\000P\000r\000e\000-\000p\000r\000o\000c\000e\000s\000s\000o\000r\000\040\000C\000i\000r\000c\000u\000i\000t\000s}{section.5}% 17
\BOOKMARK [2][-]{subsection.5.8}{\376\377\000A\000r\000i\000t\000h\000m\000e\000t\000i\000c\000\040\000L\000o\000g\000i\000c\000\040\000U\000n\000i\000t}{section.5}% 18
\BOOKMARK [2][-]{subsection.5.9}{\376\377\000F\000l\000o\000a\000t\000i\000n\000g\000\040\000P\000o\000i\000n\000t\000\040\000A\000d\000d\000e\000r}{section.5}% 19
\BOOKMARK [2][-]{subsection.5.10}{\376\377\000M\000i\000s\000c\000e\000l\000l\000a\000n\000e\000o\000u\000s}{section.5}% 20
\BOOKMARK [1][-]{section.6}{\376\377\000I\000C\000s\000\040\000U\000s\000e\000d\000\040\000w\000i\000t\000h\000\040\000C\000o\000u\000n\000t\000\040\000a\000s\000\040\000a\000\040\000C\000h\000a\000r\000t}{}% 21
\BOOKMARK [1][-]{section.7}{\376\377\000T\000h\000e\000\040\000S\000i\000m\000u\000l\000a\000t\000o\000r\000\040\000U\000s\000e\000d\000\040\000a\000l\000o\000n\000g\000\040\000w\000i\000t\000h\000\040\000t\000h\000e\000\040\000V\000e\000r\000s\000i\000o\000n\000\040\000N\000u\000m\000b\000e\000r}{}% 22
\BOOKMARK [1][-]{section.8}{\376\377\000D\000i\000s\000c\000u\000s\000s\000i\000o\000n}{}% 23
